<?xml version="1.0" encoding="UTF-8"?>
<robot generator="Robot 7.0 (Python 3.11.10 on linux)" generated="2025-03-15T14:48:22.002903" rpa="false" schemaversion="5">
<suite id="s1" name="Monitor" source="/home/runner/workspace/monitor.robot">
<test id="s1-t1" name="Open Logs" line="5">
<kw name="Log" owner="BuiltIn">
<msg time="2025-03-15T14:48:22.091393" level="INFO">Test Hey</msg>
<arg>Test Hey</arg>
<doc>Logs the given message with the given level.</doc>
<status status="PASS" start="2025-03-15T14:48:22.091224" elapsed="0.000231"/>
</kw>
<status status="PASS" start="2025-03-15T14:48:22.090538" elapsed="0.001131"/>
</test>
<status status="PASS" start="2025-03-15T14:48:22.004404" elapsed="0.087689"/>
</suite>
<statistics>
<total>
<stat pass="1" fail="0" skip="0">All Tests</stat>
</total>
<tag>
</tag>
<suite>
<stat pass="1" fail="0" skip="0" id="s1" name="Monitor">Monitor</stat>
</suite>
</statistics>
<errors>
<msg time="2025-03-15T14:48:22.089694" level="ERROR">Error in file '/home/runner/workspace/monitor.robot' on line 2: Importing library 'Builtin' failed: ModuleNotFoundError: No module named 'Builtin'
Traceback (most recent call last):
  None
PYTHONPATH:
  /home/runner/workspace/.pythonlibs/bin
  /nix/store/lc7qv2ldzrs1aq3hbyzmbgvn0h2w26pl-sitecustomize/lib/python/site-packages
  /nix/store/dfg63lldbvcj207iyr9z0xw21d8ax02n-python3.11-pip-24.0/lib/python3.11/site-packages
  /nix/store/y98v6q7xp5hddfbv32vwz9z4bghyxkr3-robotframework-tidy-4.13.0/lib/python3.11/site-packages
  /nix/store/2xlfx27a0n7p4a4sgdg7vvjbgvj5vs9r-python3.11-robotframework-7.0/lib/python3.11/site-packages
  /nix/store/7hnr99nxrd2aw6lghybqdmkckq60j6l9-python3-3.11.9/lib/python3.11/site-packages
  /nix/store/4flhri1nwh8n0d8a4bx2yjnyigpz00bg-python3.11-click-8.1.7/lib/python3.11/site-packages
  /nix/store/9hqjgi3hwvq6p953d77w2dip2bd101xm-python3.11-colorama-0.4.6/lib/python3.11/site-packages
  /nix/store/2vc752m1mxknp0dqgbsqa8vnqk0955fm-python3.11-pathspec-0.12.1/lib/python3.11/site-packages
  /nix/store/rrcbgq3ylaksz3swy1immwk88pzmzhjv-python3.11-tomli-2.0.1/lib/python3.11/site-packages
  /nix/store/jb79ysnbld2077qyfqc1vvq0370gdrnh-python3.11-rich-click-1.8.2/lib/python3.11/site-packages
  /nix/store/gkfkq6d57dran0fkgz81738zc8wc3w13-python3.11-rich-13.7.1/lib/python3.11/site-packages
  /nix/store/klj6938h32ra3mlwkavcr285d2387h38-python3.11-markdown-it-py-3.0.0/lib/python3.11/site-packages
  /nix/store/kalmrzx2fllfk713lm0m1yb1p5rqw1ly-python3.11-mdurl-0.1.2/lib/python3.11/site-packages
  /nix/store/cid5kxmrjdgikliwbhry3wq6j0117595-python3.11-pygments-2.17.2/lib/python3.11/site-packages
  /nix/store/k920s30a5dqzndfj4ic23p7rs0pc927k-python3.11-typing-extensions-4.11.0/lib/python3.11/site-packages
  /nix/store/cyhnqww4v87ms623dz12aadwi4jwbylj-python3.11-jinja2-3.1.4/lib/python3.11/site-packages
  /nix/store/scaky5i3jjcfmk23s6pgfd7z9izh0ajf-python3.11-markupsafe-2.1.5/lib/python3.11/site-packages
  /nix/store/av61c67q94q7f6zgnbprfq3w3g8lrq8n-python3.11-tomli-w-1.0.0/lib/python3.11/site-packages
  /nix/store/clx0mcir7qw8zk36zbr4jra789g3knf6-python3-3.11.10/lib/python311.zip
  /nix/store/clx0mcir7qw8zk36zbr4jra789g3knf6-python3-3.11.10/lib/python3.11
  /nix/store/clx0mcir7qw8zk36zbr4jra789g3knf6-python3-3.11.10/lib/python3.11/lib-dynload
  /home/runner/workspace/.pythonlibs/lib/python3.11/site-packages
  /nix/store/clx0mcir7qw8zk36zbr4jra789g3knf6-python3-3.11.10/lib/python3.11/site-packages
  /home/runner/workspace/.pythonlibs/lib/python3.11/site-packages
  /nix/store/wblvmd5y7izx0z10d1w7ga7zc4apjxmb-python3.11-setuptools-75.1.1/lib/python3.11/site-packages</msg>
</errors>
</robot>
